<?xml version="1.0" encoding="UTF-8"?>
<testsuite xmlns:xsi="http://www.w3.org/2001/XMLSchema-instance" xsi:noNamespaceSchemaLocation="https://maven.apache.org/surefire/maven-surefire-plugin/xsd/surefire-test-report.xsd" version="3.0.2" name="com.example.demo.DemoApplicationTests" time="6.462" tests="1" errors="0" skipped="0" failures="0">
  <properties>
    <property name="java.specification.version" value="17"/>
    <property name="sun.jnu.encoding" value="UTF-8"/>
    <property name="java.class.path" value="/Users/dwarakanathjampani/Documents/Github_actions_project_practice/sample-maven-app/target/test-classes:/Users/dwarakanathjampani/Documents/Github_actions_project_practice/sample-maven-app/target/classes:/Users/dwarakanathjampani/.m2/repository/org/springframework/boot/spring-boot-starter-web/3.5.7/spring-boot-starter-web-3.5.7.jar:/Users/dwarakanathjampani/.m2/repository/org/springframework/boot/spring-boot-starter/3.5.7/spring-boot-starter-3.5.7.jar:/Users/dwarakanathjampani/.m2/repository/org/springframework/boot/spring-boot/3.5.7/spring-boot-3.5.7.jar:/Users/dwarakanathjampani/.m2/repository/org/springframework/boot/spring-boot-autoconfigure/3.5.7/spring-boot-autoconfigure-3.5.7.jar:/Users/dwarakanathjampani/.m2/repository/org/springframework/boot/spring-boot-starter-logging/3.5.7/spring-boot-starter-logging-3.5.7.jar:/Users/dwarakanathjampani/.m2/repository/ch/qos/logback/logback-classic/1.5.20/logback-classic-1.5.20.jar:/Users/dwarakanathjampani/.m2/repository/ch/qos/logback/logback-core/1.5.20/logback-core-1.5.20.jar:/Users/dwarakanathjampani/.m2/repository/org/apache/logging/log4j/log4j-to-slf4j/2.24.3/log4j-to-slf4j-2.24.3.jar:/Users/dwarakanathjampani/.m2/repository/org/apache/logging/log4j/log4j-api/2.24.3/log4j-api-2.24.3.jar:/Users/dwarakanathjampani/.m2/repository/org/slf4j/jul-to-slf4j/2.0.17/jul-to-slf4j-2.0.17.jar:/Users/dwarakanathjampani/.m2/repository/jakarta/annotation/jakarta.annotation-api/2.1.1/jakarta.annotation-api-2.1.1.jar:/Users/dwarakanathjampani/.m2/repository/org/yaml/snakeyaml/2.4/snakeyaml-2.4.jar:/Users/dwarakanathjampani/.m2/repository/org/springframework/boot/spring-boot-starter-json/3.5.7/spring-boot-starter-json-3.5.7.jar:/Users/dwarakanathjampani/.m2/repository/com/fasterxml/jackson/core/jackson-databind/2.19.2/jackson-databind-2.19.2.jar:/Users/dwarakanathjampani/.m2/repository/com/fasterxml/jackson/core/jackson-annotations/2.19.2/jackson-annotations-2.19.2.jar:/Users/dwarakanathjampani/.m2/repository/com/fasterxml/jackson/core/jackson-core/2.19.2/jackson-core-2.19.2.jar:/Users/dwarakanathjampani/.m2/repository/com/fasterxml/jackson/datatype/jackson-datatype-jdk8/2.19.2/jackson-datatype-jdk8-2.19.2.jar:/Users/dwarakanathjampani/.m2/repository/com/fasterxml/jackson/datatype/jackson-datatype-jsr310/2.19.2/jackson-datatype-jsr310-2.19.2.jar:/Users/dwarakanathjampani/.m2/repository/com/fasterxml/jackson/module/jackson-module-parameter-names/2.19.2/jackson-module-parameter-names-2.19.2.jar:/Users/dwarakanathjampani/.m2/repository/org/springframework/boot/spring-boot-starter-tomcat/3.5.7/spring-boot-starter-tomcat-3.5.7.jar:/Users/dwarakanathjampani/.m2/repository/org/apache/tomcat/embed/tomcat-embed-core/10.1.48/tomcat-embed-core-10.1.48.jar:/Users/dwarakanathjampani/.m2/repository/org/apache/tomcat/embed/tomcat-embed-el/10.1.48/tomcat-embed-el-10.1.48.jar:/Users/dwarakanathjampani/.m2/repository/org/apache/tomcat/embed/tomcat-embed-websocket/10.1.48/tomcat-embed-websocket-10.1.48.jar:/Users/dwarakanathjampani/.m2/repository/org/springframework/spring-web/6.2.12/spring-web-6.2.12.jar:/Users/dwarakanathjampani/.m2/repository/org/springframework/spring-beans/6.2.12/spring-beans-6.2.12.jar:/Users/dwarakanathjampani/.m2/repository/io/micrometer/micrometer-observation/1.15.5/micrometer-observation-1.15.5.jar:/Users/dwarakanathjampani/.m2/repository/io/micrometer/micrometer-commons/1.15.5/micrometer-commons-1.15.5.jar:/Users/dwarakanathjampani/.m2/repository/org/springframework/spring-webmvc/6.2.12/spring-webmvc-6.2.12.jar:/Users/dwarakanathjampani/.m2/repository/org/springframework/spring-aop/6.2.12/spring-aop-6.2.12.jar:/Users/dwarakanathjampani/.m2/repository/org/springframework/spring-context/6.2.12/spring-context-6.2.12.jar:/Users/dwarakanathjampani/.m2/repository/org/springframework/spring-expression/6.2.12/spring-expression-6.2.12.jar:/Users/dwarakanathjampani/.m2/repository/org/springframework/boot/spring-boot-starter-test/3.5.7/spring-boot-starter-test-3.5.7.jar:/Users/dwarakanathjampani/.m2/repository/org/springframework/boot/spring-boot-test/3.5.7/spring-boot-test-3.5.7.jar:/Users/dwarakanathjampani/.m2/repository/org/springframework/boot/spring-boot-test-autoconfigure/3.5.7/spring-boot-test-autoconfigure-3.5.7.jar:/Users/dwarakanathjampani/.m2/repository/com/jayway/jsonpath/json-path/2.9.0/json-path-2.9.0.jar:/Users/dwarakanathjampani/.m2/repository/org/slf4j/slf4j-api/2.0.17/slf4j-api-2.0.17.jar:/Users/dwarakanathjampani/.m2/repository/jakarta/xml/bind/jakarta.xml.bind-api/4.0.4/jakarta.xml.bind-api-4.0.4.jar:/Users/dwarakanathjampani/.m2/repository/jakarta/activation/jakarta.activation-api/2.1.4/jakarta.activation-api-2.1.4.jar:/Users/dwarakanathjampani/.m2/repository/net/minidev/json-smart/2.5.2/json-smart-2.5.2.jar:/Users/dwarakanathjampani/.m2/repository/net/minidev/accessors-smart/2.5.2/accessors-smart-2.5.2.jar:/Users/dwarakanathjampani/.m2/repository/org/ow2/asm/asm/9.7.1/asm-9.7.1.jar:/Users/dwarakanathjampani/.m2/repository/org/assertj/assertj-core/3.27.6/assertj-core-3.27.6.jar:/Users/dwarakanathjampani/.m2/repository/net/bytebuddy/byte-buddy/1.17.8/byte-buddy-1.17.8.jar:/Users/dwarakanathjampani/.m2/repository/org/awaitility/awaitility/4.2.2/awaitility-4.2.2.jar:/Users/dwarakanathjampani/.m2/repository/org/hamcrest/hamcrest/3.0/hamcrest-3.0.jar:/Users/dwarakanathjampani/.m2/repository/org/junit/jupiter/junit-jupiter/5.12.2/junit-jupiter-5.12.2.jar:/Users/dwarakanathjampani/.m2/repository/org/junit/jupiter/junit-jupiter-api/5.12.2/junit-jupiter-api-5.12.2.jar:/Users/dwarakanathjampani/.m2/repository/org/opentest4j/opentest4j/1.3.0/opentest4j-1.3.0.jar:/Users/dwarakanathjampani/.m2/repository/org/junit/platform/junit-platform-commons/1.12.2/junit-platform-commons-1.12.2.jar:/Users/dwarakanathjampani/.m2/repository/org/apiguardian/apiguardian-api/1.1.2/apiguardian-api-1.1.2.jar:/Users/dwarakanathjampani/.m2/repository/org/junit/jupiter/junit-jupiter-params/5.12.2/junit-jupiter-params-5.12.2.jar:/Users/dwarakanathjampani/.m2/repository/org/junit/jupiter/junit-jupiter-engine/5.12.2/junit-jupiter-engine-5.12.2.jar:/Users/dwarakanathjampani/.m2/repository/org/junit/platform/junit-platform-engine/1.12.2/junit-platform-engine-1.12.2.jar:/Users/dwarakanathjampani/.m2/repository/org/mockito/mockito-core/5.17.0/mockito-core-5.17.0.jar:/Users/dwarakanathjampani/.m2/repository/net/bytebuddy/byte-buddy-agent/1.17.8/byte-buddy-agent-1.17.8.jar:/Users/dwarakanathjampani/.m2/repository/org/objenesis/objenesis/3.3/objenesis-3.3.jar:/Users/dwarakanathjampani/.m2/repository/org/mockito/mockito-junit-jupiter/5.17.0/mockito-junit-jupiter-5.17.0.jar:/Users/dwarakanathjampani/.m2/repository/org/skyscreamer/jsonassert/1.5.3/jsonassert-1.5.3.jar:/Users/dwarakanathjampani/.m2/repository/com/vaadin/external/google/android-json/0.0.20131108.vaadin1/android-json-0.0.20131108.vaadin1.jar:/Users/dwarakanathjampani/.m2/repository/org/springframework/spring-core/6.2.12/spring-core-6.2.12.jar:/Users/dwarakanathjampani/.m2/repository/org/springframework/spring-jcl/6.2.12/spring-jcl-6.2.12.jar:/Users/dwarakanathjampani/.m2/repository/org/springframework/spring-test/6.2.12/spring-test-6.2.12.jar:/Users/dwarakanathjampani/.m2/repository/org/xmlunit/xmlunit-core/2.10.4/xmlunit-core-2.10.4.jar:"/>
    <property name="java.vm.vendor" value="Amazon.com Inc."/>
    <property name="sun.arch.data.model" value="64"/>
    <property name="java.vendor.url" value="https://aws.amazon.com/corretto/"/>
    <property name="user.timezone" value="America/New_York"/>
    <property name="os.name" value="Mac OS X"/>
    <property name="java.vm.specification.version" value="17"/>
    <property name="APPLICATION_NAME" value="demo"/>
    <property name="sun.java.launcher" value="SUN_STANDARD"/>
    <property name="user.country" value="US"/>
    <property name="sun.boot.library.path" value="/Users/dwarakanathjampani/Library/Java/JavaVirtualMachines/corretto-17.0.13/Contents/Home/lib"/>
    <property name="sun.java.command" value="/Users/dwarakanathjampani/Documents/Github_actions_project_practice/sample-maven-app/target/surefire/surefirebooter-20251029222946771_3.jar /Users/dwarakanathjampani/Documents/Github_actions_project_practice/sample-maven-app/target/surefire 2025-10-29T22-29-44_402-jvmRun1 surefire-20251029222946771_1tmp surefire_0-20251029222946771_2tmp"/>
    <property name="http.nonProxyHosts" value="local|*.local|169.254/16|*.169.254/16"/>
    <property name="jdk.debug" value="release"/>
    <property name="surefire.test.class.path" value="/Users/dwarakanathjampani/Documents/Github_actions_project_practice/sample-maven-app/target/test-classes:/Users/dwarakanathjampani/Documents/Github_actions_project_practice/sample-maven-app/target/classes:/Users/dwarakanathjampani/.m2/repository/org/springframework/boot/spring-boot-starter-web/3.5.7/spring-boot-starter-web-3.5.7.jar:/Users/dwarakanathjampani/.m2/repository/org/springframework/boot/spring-boot-starter/3.5.7/spring-boot-starter-3.5.7.jar:/Users/dwarakanathjampani/.m2/repository/org/springframework/boot/spring-boot/3.5.7/spring-boot-3.5.7.jar:/Users/dwarakanathjampani/.m2/repository/org/springframework/boot/spring-boot-autoconfigure/3.5.7/spring-boot-autoconfigure-3.5.7.jar:/Users/dwarakanathjampani/.m2/repository/org/springframework/boot/spring-boot-starter-logging/3.5.7/spring-boot-starter-logging-3.5.7.jar:/Users/dwarakanathjampani/.m2/repository/ch/qos/logback/logback-classic/1.5.20/logback-classic-1.5.20.jar:/Users/dwarakanathjampani/.m2/repository/ch/qos/logback/logback-core/1.5.20/logback-core-1.5.20.jar:/Users/dwarakanathjampani/.m2/repository/org/apache/logging/log4j/log4j-to-slf4j/2.24.3/log4j-to-slf4j-2.24.3.jar:/Users/dwarakanathjampani/.m2/repository/org/apache/logging/log4j/log4j-api/2.24.3/log4j-api-2.24.3.jar:/Users/dwarakanathjampani/.m2/repository/org/slf4j/jul-to-slf4j/2.0.17/jul-to-slf4j-2.0.17.jar:/Users/dwarakanathjampani/.m2/repository/jakarta/annotation/jakarta.annotation-api/2.1.1/jakarta.annotation-api-2.1.1.jar:/Users/dwarakanathjampani/.m2/repository/org/yaml/snakeyaml/2.4/snakeyaml-2.4.jar:/Users/dwarakanathjampani/.m2/repository/org/springframework/boot/spring-boot-starter-json/3.5.7/spring-boot-starter-json-3.5.7.jar:/Users/dwarakanathjampani/.m2/repository/com/fasterxml/jackson/core/jackson-databind/2.19.2/jackson-databind-2.19.2.jar:/Users/dwarakanathjampani/.m2/repository/com/fasterxml/jackson/core/jackson-annotations/2.19.2/jackson-annotations-2.19.2.jar:/Users/dwarakanathjampani/.m2/repository/com/fasterxml/jackson/core/jackson-core/2.19.2/jackson-core-2.19.2.jar:/Users/dwarakanathjampani/.m2/repository/com/fasterxml/jackson/datatype/jackson-datatype-jdk8/2.19.2/jackson-datatype-jdk8-2.19.2.jar:/Users/dwarakanathjampani/.m2/repository/com/fasterxml/jackson/datatype/jackson-datatype-jsr310/2.19.2/jackson-datatype-jsr310-2.19.2.jar:/Users/dwarakanathjampani/.m2/repository/com/fasterxml/jackson/module/jackson-module-parameter-names/2.19.2/jackson-module-parameter-names-2.19.2.jar:/Users/dwarakanathjampani/.m2/repository/org/springframework/boot/spring-boot-starter-tomcat/3.5.7/spring-boot-starter-tomcat-3.5.7.jar:/Users/dwarakanathjampani/.m2/repository/org/apache/tomcat/embed/tomcat-embed-core/10.1.48/tomcat-embed-core-10.1.48.jar:/Users/dwarakanathjampani/.m2/repository/org/apache/tomcat/embed/tomcat-embed-el/10.1.48/tomcat-embed-el-10.1.48.jar:/Users/dwarakanathjampani/.m2/repository/org/apache/tomcat/embed/tomcat-embed-websocket/10.1.48/tomcat-embed-websocket-10.1.48.jar:/Users/dwarakanathjampani/.m2/repository/org/springframework/spring-web/6.2.12/spring-web-6.2.12.jar:/Users/dwarakanathjampani/.m2/repository/org/springframework/spring-beans/6.2.12/spring-beans-6.2.12.jar:/Users/dwarakanathjampani/.m2/repository/io/micrometer/micrometer-observation/1.15.5/micrometer-observation-1.15.5.jar:/Users/dwarakanathjampani/.m2/repository/io/micrometer/micrometer-commons/1.15.5/micrometer-commons-1.15.5.jar:/Users/dwarakanathjampani/.m2/repository/org/springframework/spring-webmvc/6.2.12/spring-webmvc-6.2.12.jar:/Users/dwarakanathjampani/.m2/repository/org/springframework/spring-aop/6.2.12/spring-aop-6.2.12.jar:/Users/dwarakanathjampani/.m2/repository/org/springframework/spring-context/6.2.12/spring-context-6.2.12.jar:/Users/dwarakanathjampani/.m2/repository/org/springframework/spring-expression/6.2.12/spring-expression-6.2.12.jar:/Users/dwarakanathjampani/.m2/repository/org/springframework/boot/spring-boot-starter-test/3.5.7/spring-boot-starter-test-3.5.7.jar:/Users/dwarakanathjampani/.m2/repository/org/springframework/boot/spring-boot-test/3.5.7/spring-boot-test-3.5.7.jar:/Users/dwarakanathjampani/.m2/repository/org/springframework/boot/spring-boot-test-autoconfigure/3.5.7/spring-boot-test-autoconfigure-3.5.7.jar:/Users/dwarakanathjampani/.m2/repository/com/jayway/jsonpath/json-path/2.9.0/json-path-2.9.0.jar:/Users/dwarakanathjampani/.m2/repository/org/slf4j/slf4j-api/2.0.17/slf4j-api-2.0.17.jar:/Users/dwarakanathjampani/.m2/repository/jakarta/xml/bind/jakarta.xml.bind-api/4.0.4/jakarta.xml.bind-api-4.0.4.jar:/Users/dwarakanathjampani/.m2/repository/jakarta/activation/jakarta.activation-api/2.1.4/jakarta.activation-api-2.1.4.jar:/Users/dwarakanathjampani/.m2/repository/net/minidev/json-smart/2.5.2/json-smart-2.5.2.jar:/Users/dwarakanathjampani/.m2/repository/net/minidev/accessors-smart/2.5.2/accessors-smart-2.5.2.jar:/Users/dwarakanathjampani/.m2/repository/org/ow2/asm/asm/9.7.1/asm-9.7.1.jar:/Users/dwarakanathjampani/.m2/repository/org/assertj/assertj-core/3.27.6/assertj-core-3.27.6.jar:/Users/dwarakanathjampani/.m2/repository/net/bytebuddy/byte-buddy/1.17.8/byte-buddy-1.17.8.jar:/Users/dwarakanathjampani/.m2/repository/org/awaitility/awaitility/4.2.2/awaitility-4.2.2.jar:/Users/dwarakanathjampani/.m2/repository/org/hamcrest/hamcrest/3.0/hamcrest-3.0.jar:/Users/dwarakanathjampani/.m2/repository/org/junit/jupiter/junit-jupiter/5.12.2/junit-jupiter-5.12.2.jar:/Users/dwarakanathjampani/.m2/repository/org/junit/jupiter/junit-jupiter-api/5.12.2/junit-jupiter-api-5.12.2.jar:/Users/dwarakanathjampani/.m2/repository/org/opentest4j/opentest4j/1.3.0/opentest4j-1.3.0.jar:/Users/dwarakanathjampani/.m2/repository/org/junit/platform/junit-platform-commons/1.12.2/junit-platform-commons-1.12.2.jar:/Users/dwarakanathjampani/.m2/repository/org/apiguardian/apiguardian-api/1.1.2/apiguardian-api-1.1.2.jar:/Users/dwarakanathjampani/.m2/repository/org/junit/jupiter/junit-jupiter-params/5.12.2/junit-jupiter-params-5.12.2.jar:/Users/dwarakanathjampani/.m2/repository/org/junit/jupiter/junit-jupiter-engine/5.12.2/junit-jupiter-engine-5.12.2.jar:/Users/dwarakanathjampani/.m2/repository/org/junit/platform/junit-platform-engine/1.12.2/junit-platform-engine-1.12.2.jar:/Users/dwarakanathjampani/.m2/repository/org/mockito/mockito-core/5.17.0/mockito-core-5.17.0.jar:/Users/dwarakanathjampani/.m2/repository/net/bytebuddy/byte-buddy-agent/1.17.8/byte-buddy-agent-1.17.8.jar:/Users/dwarakanathjampani/.m2/repository/org/objenesis/objenesis/3.3/objenesis-3.3.jar:/Users/dwarakanathjampani/.m2/repository/org/mockito/mockito-junit-jupiter/5.17.0/mockito-junit-jupiter-5.17.0.jar:/Users/dwarakanathjampani/.m2/repository/org/skyscreamer/jsonassert/1.5.3/jsonassert-1.5.3.jar:/Users/dwarakanathjampani/.m2/repository/com/vaadin/external/google/android-json/0.0.20131108.vaadin1/android-json-0.0.20131108.vaadin1.jar:/Users/dwarakanathjampani/.m2/repository/org/springframework/spring-core/6.2.12/spring-core-6.2.12.jar:/Users/dwarakanathjampani/.m2/repository/org/springframework/spring-jcl/6.2.12/spring-jcl-6.2.12.jar:/Users/dwarakanathjampani/.m2/repository/org/springframework/spring-test/6.2.12/spring-test-6.2.12.jar:/Users/dwarakanathjampani/.m2/repository/org/xmlunit/xmlunit-core/2.10.4/xmlunit-core-2.10.4.jar:"/>
    <property name="sun.cpu.endian" value="little"/>
    <property name="user.home" value="/Users/dwarakanathjampani"/>
    <property name="user.language" value="en"/>
    <property name="java.specification.vendor" value="Oracle Corporation"/>
    <property name="java.version.date" value="2024-10-15"/>
    <property name="java.home" value="/Users/dwarakanathjampani/Library/Java/JavaVirtualMachines/corretto-17.0.13/Contents/Home"/>
    <property name="file.separator" value="/"/>
    <property name="basedir" value="/Users/dwarakanathjampani/Documents/Github_actions_project_practice/sample-maven-app"/>
    <property name="java.vm.compressedOopsMode" value="Zero based"/>
    <property name="line.separator" value="&#10;"/>
    <property name="java.vm.specification.vendor" value="Oracle Corporation"/>
    <property name="java.specification.name" value="Java Platform API Specification"/>
    <property name="FILE_LOG_CHARSET" value="UTF-8"/>
    <property name="java.awt.headless" value="true"/>
    <property name="surefire.real.class.path" value="/Users/dwarakanathjampani/Documents/Github_actions_project_practice/sample-maven-app/target/surefire/surefirebooter-20251029222946771_3.jar"/>
    <property name="sun.management.compiler" value="HotSpot 64-Bit Tiered Compilers"/>
    <property name="ftp.nonProxyHosts" value="local|*.local|169.254/16|*.169.254/16"/>
    <property name="java.runtime.version" value="17.0.13+11-LTS"/>
    <property name="user.name" value="dwarakanathjampani"/>
    <property name="path.separator" value=":"/>
    <property name="os.version" value="15.6.1"/>
    <property name="java.runtime.name" value="OpenJDK Runtime Environment"/>
    <property name="file.encoding" value="UTF-8"/>
    <property name="java.vm.name" value="OpenJDK 64-Bit Server VM"/>
    <property name="java.vendor.version" value="Corretto-17.0.13.11.1"/>
    <property name="localRepository" value="/Users/dwarakanathjampani/.m2/repository"/>
    <property name="java.vendor.url.bug" value="https://github.com/corretto/corretto-17/issues/"/>
    <property name="java.io.tmpdir" value="/var/folders/5g/v2hmwq_95cjb7ndydwd5yscr0000gn/T/"/>
    <property name="java.version" value="17.0.13"/>
    <property name="user.dir" value="/Users/dwarakanathjampani/Documents/Github_actions_project_practice/sample-maven-app"/>
    <property name="os.arch" value="x86_64"/>
    <property name="java.vm.specification.name" value="Java Virtual Machine Specification"/>
    <property name="PID" value="12954"/>
    <property name="CONSOLE_LOG_CHARSET" value="UTF-8"/>
    <property name="native.encoding" value="UTF-8"/>
    <property name="java.library.path" value="/Users/dwarakanathjampani/Library/Java/Extensions:/Library/Java/Extensions:/Network/Library/Java/Extensions:/System/Library/Java/Extensions:/usr/lib/java:."/>
    <property name="java.vm.info" value="mixed mode, sharing"/>
    <property name="java.vendor" value="Amazon.com Inc."/>
    <property name="java.vm.version" value="17.0.13+11-LTS"/>
    <property name="java.specification.maintenance.version" value="1"/>
    <property name="sun.io.unicode.encoding" value="UnicodeBig"/>
    <property name="socksNonProxyHosts" value="local|*.local|169.254/16|*.169.254/16"/>
    <property name="java.class.version" value="61.0"/>
    <property name="LOGGED_APPLICATION_NAME" value="[demo] "/>
  </properties>
  <testcase name="contextLoads" classname="com.example.demo.DemoApplicationTests" time="1.367">
    <system-out><![CDATA[22:29:49.184 [main] INFO org.springframework.test.context.support.AnnotationConfigContextLoaderUtils -- Could not detect default configuration classes for test class [com.example.demo.DemoApplicationTests]: DemoApplicationTests does not declare any static, non-private, non-final, nested classes annotated with @Configuration.
22:29:49.412 [main] INFO org.springframework.boot.test.context.SpringBootTestContextBootstrapper -- Found @SpringBootConfiguration com.example.demo.DemoApplication for test class com.example.demo.DemoApplicationTests

  .   ____          _            __ _ _
 /\\ / ___'_ __ _ _(_)_ __  __ _ \ \ \ \
( ( )\___ | '_ | '_| | '_ \/ _` | \ \ \ \
 \\/  ___)| |_)| | | | | || (_| |  ) ) ) )
  '  |____| .__|_| |_|_| |_\__, | / / / /
 =========|_|==============|___/=/_/_/_/

 :: Spring Boot ::                (v3.5.7)

2025-10-29T22:29:50.669-04:00  INFO 12954 --- [demo] [           main] com.example.demo.DemoApplicationTests    : Starting DemoApplicationTests using Java 17.0.13 with PID 12954 (started by dwarakanathjampani in /Users/dwarakanathjampani/Documents/Github_actions_project_practice/sample-maven-app)
2025-10-29T22:29:50.677-04:00  INFO 12954 --- [demo] [           main] com.example.demo.DemoApplicationTests    : No active profile set, falling back to 1 default profile: "default"
2025-10-29T22:29:53.739-04:00  INFO 12954 --- [demo] [           main] com.example.demo.DemoApplicationTests    : Started DemoApplicationTests in 4.134 seconds (process running for 6.605)
]]></system-out>
  </testcase>
</testsuite>